<?xml version="1.0" encoding="utf-8"?><testsuites name="pytest tests"><testsuite name="pytest" errors="0" failures="1" skipped="0" tests="27" time="3.874" timestamp="2026-08-09T03:33:48.273570+00:00" hostname="agent-env-a08f2280-8723-4efc-b984-d93849a99fb2"><testcase classname="tests.backend_test.TestProducts" name="test_root" time="0.413" /><testcase classname="tests.backend_test.TestProducts" name="test_list_products" time="0.243" /><testcase classname="tests.backend_test.TestAdmin" name="test_stats" time="0.837" /><testcase classname="tests.backend_test.TestProducts" name="test_featured" time="0.049" /><testcase classname="tests.backend_test.TestProducts" name="test_category_filter" time="0.049" /><testcase classname="tests.backend_test.TestProducts" name="test_search" time="0.043" /><testcase classname="tests.backend_test.TestProducts" name="test_dietary" time="0.045" /><testcase classname="tests.backend_test.TestAdmin" name="test_orders_list" time="0.057" /><testcase classname="tests.backend_test.TestProducts" name="test_product_by_slug" time="0.091" /><testcase classname="tests.backend_test.TestAdmin" name="test_contacts_list" time="0.119" /><testcase classname="tests.backend_test.TestProducts" name="test_product_404" time="0.118" /><testcase classname="tests.backend_test.TestAdmin" name="test_reservations_list" time="0.119" /><testcase classname="tests.backend_test.TestProducts" name="test_categories" time="0.159" /><testcase classname="tests.backend_test.TestAdmin" name="test_product_crud" time="0.104"><failure message="AssertionError: Internal Server Error&#10;assert 500 == 200&#10; +  where 500 = &lt;Response [500]&gt;.status_code">backend/tests/backend_test.py:232: in test_product_crud
    assert r.status_code == 200, r.text
E   AssertionError: Internal Server Error
E   assert 500 == 200
E    +  where 500 = &lt;Response [500]&gt;.status_code</failure></testcase><testcase classname="tests.backend_test.TestForms" name="test_contact" time="0.053" /><testcase classname="tests.backend_test.TestCart" name="test_cart_totals" time="0.091" /><testcase classname="tests.backend_test.TestForms" name="test_reservation" time="0.066" /><testcase classname="tests.backend_test.TestCart" name="test_coupon_noir10" time="0.091" /><testcase classname="tests.backend_test.TestForms" name="test_newsletter" time="0.049" /><testcase classname="tests.backend_test.TestForms" name="test_locations" time="0.086" /><testcase classname="tests.backend_test.TestCart" name="test_coupon_bloom20" time="0.091" /><testcase classname="tests.backend_test.TestAuth" name="test_admin_login_wrong" time="0.418" /><testcase classname="tests.backend_test.TestCart" name="test_coupon_invalid" time="0.464" /><testcase classname="tests.backend_test.TestAuth" name="test_admin_login_ok" time="0.000" /><testcase classname="tests.backend_test.TestAuth" name="test_me" time="0.115" /><testcase classname="tests.backend_test.TestCheckout" name="test_create_session" time="1.167" /><testcase classname="tests.backend_test.TestAuth" name="test_admin_endpoints_require_auth" time="0.767" /></testsuite></testsuites>