<?xml version="1.0" encoding="utf-8"?><testsuites name="pytest tests"><testsuite name="pytest" errors="0" failures="0" skipped="0" tests="27" time="3.829" timestamp="2026-08-10T15:11:03.248340+00:00" hostname="agent-env-a08f2280-8723-4efc-b984-d93849a99fb2"><testcase classname="tests.backend_test.TestProducts" name="test_root" time="0.483" /><testcase classname="tests.backend_test.TestProducts" name="test_list_products" time="0.052" /><testcase classname="tests.backend_test.TestAdmin" name="test_stats" time="0.688" /><testcase classname="tests.backend_test.TestProducts" name="test_featured" time="0.048" /><testcase classname="tests.backend_test.TestProducts" name="test_category_filter" time="0.053" /><testcase classname="tests.backend_test.TestProducts" name="test_search" time="0.113" /><testcase classname="tests.backend_test.TestAdmin" name="test_orders_list" time="0.063" /><testcase classname="tests.backend_test.TestAdmin" name="test_contacts_list" time="0.061" /><testcase classname="tests.backend_test.TestProducts" name="test_dietary" time="0.047" /><testcase classname="tests.backend_test.TestProducts" name="test_product_by_slug" time="0.095" /><testcase classname="tests.backend_test.TestAdmin" name="test_reservations_list" time="0.106" /><testcase classname="tests.backend_test.TestProducts" name="test_product_404" time="0.087" /><testcase classname="tests.backend_test.TestAdmin" name="test_product_crud" time="0.373" /><testcase classname="tests.backend_test.TestProducts" name="test_categories" time="0.047" /><testcase classname="tests.backend_test.TestForms" name="test_contact" time="0.109" /><testcase classname="tests.backend_test.TestForms" name="test_reservation" time="0.049" /><testcase classname="tests.backend_test.TestForms" name="test_newsletter" time="0.096" /><testcase classname="tests.backend_test.TestForms" name="test_locations" time="0.047" /><testcase classname="tests.backend_test.TestCart" name="test_cart_totals" time="0.344" /><testcase classname="tests.backend_test.TestAuth" name="test_admin_login_wrong" time="0.281" /><testcase classname="tests.backend_test.TestCart" name="test_coupon_noir10" time="0.338" /><testcase classname="tests.backend_test.TestAuth" name="test_admin_login_ok" time="0.274" /><testcase classname="tests.backend_test.TestAuth" name="test_me" time="0.194" /><testcase classname="tests.backend_test.TestCart" name="test_coupon_bloom20" time="0.134" /><testcase classname="tests.backend_test.TestAuth" name="test_admin_endpoints_require_auth" time="0.232" /><testcase classname="tests.backend_test.TestCart" name="test_coupon_invalid" time="0.068" /><testcase classname="tests.backend_test.TestCheckout" name="test_create_session" time="1.136" /></testsuite></testsuites>